16:21:08:481  INFO 2556 --- [main] com.heima.cart.CartServiceApplication    : Starting CartServiceApplication using Java 17.0.8.1 on xiaoxinpro2022 with PID 2556 (D:\BaiduNetdiskDownload\hmall\cart-service\target\classes started by 86180 in D:\BaiduNetdiskDownload\hmall)
16:21:08:488  INFO 2556 --- [main] com.heima.cart.CartServiceApplication    : The following 1 profile is active: "local"
16:21:09:801  INFO 2556 --- [main] o.s.cloud.context.scope.GenericScope     : BeanFactory id=a36b2dc1-795f-3cd5-ba87-36cbea7ade4e
16:21:10:411  INFO 2556 --- [main] o.s.b.w.embedded.tomcat.TomcatWebServer  : Tomcat initialized with port(s): 8083 (http)
16:21:10:424  INFO 2556 --- [main] o.apache.catalina.core.StandardService   : Starting service [Tomcat]
16:21:10:425  INFO 2556 --- [main] org.apache.catalina.core.StandardEngine  : Starting Servlet engine: [Apache Tomcat/9.0.75]
16:21:10:602  INFO 2556 --- [main] o.a.c.c.C.[Tomcat].[localhost].[/]       : Initializing Spring embedded WebApplicationContext
16:21:10:603  INFO 2556 --- [main] w.s.c.ServletWebServerApplicationContext : Root WebApplicationContext: initialization completed in 2049 ms
16:21:10:861  INFO 2556 --- [main] o.s.c.openfeign.FeignClientFactoryBean   : For 'item-service' URL not provided. Will try picking an instance via load-balancing.
16:21:12:149  INFO 2556 --- [main] pertySourcedRequestMappingHandlerMapping : Mapped URL path [/v2/api-docs] onto method [springfox.documentation.swagger2.web.Swagger2ControllerWebMvc#getDocumentation(String, HttpServletRequest)]
16:21:12:703  INFO 2556 --- [main] com.alibaba.nacos.common.remote.client   : [RpcClientFactory] create a new rpc client of fddaac6e-c4f9-411e-ad52-a7c8b75a140d
16:21:12:777  INFO 2556 --- [main] org.reflections.Reflections              : Reflections took 35 ms to scan 1 urls, producing 3 keys and 6 values 
16:21:12:812  INFO 2556 --- [main] org.reflections.Reflections              : Reflections took 16 ms to scan 1 urls, producing 4 keys and 9 values 
16:21:12:826  INFO 2556 --- [main] org.reflections.Reflections              : Reflections took 10 ms to scan 1 urls, producing 3 keys and 10 values 
16:21:12:830  WARN 2556 --- [main] org.reflections.Reflections              : given scan urls are empty. set urls in the configuration
16:21:12:839  INFO 2556 --- [main] org.reflections.Reflections              : Reflections took 9 ms to scan 1 urls, producing 1 keys and 5 values 
16:21:12:851  INFO 2556 --- [main] org.reflections.Reflections              : Reflections took 8 ms to scan 1 urls, producing 1 keys and 7 values 
16:21:12:864  INFO 2556 --- [main] org.reflections.Reflections              : Reflections took 11 ms to scan 1 urls, producing 2 keys and 8 values 
16:21:12:866  WARN 2556 --- [main] org.reflections.Reflections              : given scan urls are empty. set urls in the configuration
16:21:12:868  INFO 2556 --- [main] com.alibaba.nacos.common.remote.client   : [fddaac6e-c4f9-411e-ad52-a7c8b75a140d] RpcClient init label, labels = {module=naming, source=sdk}
16:21:12:870  INFO 2556 --- [main] com.alibaba.nacos.common.remote.client   : [fddaac6e-c4f9-411e-ad52-a7c8b75a140d] RpcClient init, ServerListFactory = com.alibaba.nacos.client.naming.core.ServerListManager
16:21:12:870  INFO 2556 --- [main] com.alibaba.nacos.common.remote.client   : [fddaac6e-c4f9-411e-ad52-a7c8b75a140d] Registry connection listener to current client:com.alibaba.nacos.client.naming.remote.gprc.redo.NamingGrpcRedoService
16:21:12:871  INFO 2556 --- [main] com.alibaba.nacos.common.remote.client   : [fddaac6e-c4f9-411e-ad52-a7c8b75a140d] Register server push request handler:com.alibaba.nacos.client.naming.remote.gprc.NamingPushRequestHandler
16:21:12:872  INFO 2556 --- [main] com.alibaba.nacos.common.remote.client   : [fddaac6e-c4f9-411e-ad52-a7c8b75a140d] Try to connect to server on start up, server: {serverIp = '192.168.189.128', server main port = 8848}
16:21:14:235  INFO 2556 --- [main] com.alibaba.nacos.common.remote.client   : [fddaac6e-c4f9-411e-ad52-a7c8b75a140d] Success to connect to server [192.168.189.128:8848] on start up, connectionId = 1725477110836_192.168.189.1_55920
16:21:14:237  INFO 2556 --- [com.alibaba.nacos.client.remote.worker] com.alibaba.nacos.common.remote.client   : [fddaac6e-c4f9-411e-ad52-a7c8b75a140d] Notify connected event to listeners.
16:21:14:237  INFO 2556 --- [main] com.alibaba.nacos.common.remote.client   : [fddaac6e-c4f9-411e-ad52-a7c8b75a140d] Register server push request handler:com.alibaba.nacos.common.remote.client.RpcClient$ConnectResetRequestHandler
16:21:14:238  INFO 2556 --- [main] com.alibaba.nacos.common.remote.client   : [fddaac6e-c4f9-411e-ad52-a7c8b75a140d] Register server push request handler:com.alibaba.nacos.common.remote.client.RpcClient$$Lambda$989/0x00000265077b2918
16:21:14:310  INFO 2556 --- [main] o.s.b.w.embedded.tomcat.TomcatWebServer  : Tomcat started on port(s): 8083 (http) with context path ''
16:21:14:326  INFO 2556 --- [main] c.a.c.n.registry.NacosServiceRegistry    : nacos registry, DEFAULT_GROUP cart-service 192.168.191.1:8083 register finished
16:21:14:648  INFO 2556 --- [main] d.s.w.p.DocumentationPluginsBootstrapper : Documentation plugins bootstrapped
16:21:14:652  INFO 2556 --- [main] d.s.w.p.DocumentationPluginsBootstrapper : Found 1 custom documentation plugin(s)
16:21:14:717  INFO 2556 --- [main] s.d.s.w.s.ApiListingReferenceScanner     : Scanning for api listing references
16:21:14:839  INFO 2556 --- [nacos-grpc-client-executor-8] com.alibaba.nacos.common.remote.client   : [fddaac6e-c4f9-411e-ad52-a7c8b75a140d] Receive server push request, request = NotifySubscriberRequest, requestId = 26
16:21:14:861  INFO 2556 --- [nacos-grpc-client-executor-8] com.alibaba.nacos.common.remote.client   : [fddaac6e-c4f9-411e-ad52-a7c8b75a140d] Ack server push request, request = NotifySubscriberRequest, requestId = 26
16:21:14:914  INFO 2556 --- [main] com.heima.cart.CartServiceApplication    : Started CartServiceApplication in 7.538 seconds (JVM running for 8.471)
16:21:57:150  INFO 2556 --- [http-nio-8083-exec-1] o.a.c.c.C.[Tomcat].[localhost].[/]       : Initializing Spring DispatcherServlet 'dispatcherServlet'
16:21:57:151  INFO 2556 --- [http-nio-8083-exec-1] o.s.web.servlet.DispatcherServlet        : Initializing Servlet 'dispatcherServlet'
16:21:57:153  INFO 2556 --- [http-nio-8083-exec-1] o.s.web.servlet.DispatcherServlet        : Completed initialization in 2 ms
16:22:03:587  INFO 2556 --- [http-nio-8083-exec-5] com.zaxxer.hikari.HikariDataSource       : HikariPool-1 - Starting...
16:22:04:148  INFO 2556 --- [http-nio-8083-exec-5] com.zaxxer.hikari.HikariDataSource       : HikariPool-1 - Start completed.
16:22:04:886  INFO 2556 --- [nacos-grpc-client-executor-21] com.alibaba.nacos.common.remote.client   : [fddaac6e-c4f9-411e-ad52-a7c8b75a140d] Receive server push request, request = NotifySubscriberRequest, requestId = 27
16:22:04:886  INFO 2556 --- [nacos-grpc-client-executor-21] com.alibaba.nacos.common.remote.client   : [fddaac6e-c4f9-411e-ad52-a7c8b75a140d] Ack server push request, request = NotifySubscriberRequest, requestId = 27
16:52:10:882  INFO 2556 --- [nacos-grpc-client-executor-352] com.alibaba.nacos.common.remote.client   : [fddaac6e-c4f9-411e-ad52-a7c8b75a140d] Receive server push request, request = ClientDetectionRequest, requestId = 28
16:52:10:893  INFO 2556 --- [nacos-grpc-client-executor-352] com.alibaba.nacos.common.remote.client   : [fddaac6e-c4f9-411e-ad52-a7c8b75a140d] Ack server push request, request = ClientDetectionRequest, requestId = 28
16:52:21:134  WARN 2556 --- [HikariPool-1 housekeeper] com.zaxxer.hikari.pool.HikariPool        : HikariPool-1 - Thread starvation or clock leap detected (housekeeper delta=4m16s448ms237µs700ns).
17:06:48:936  INFO 2556 --- [nacos-grpc-client-executor-552] com.alibaba.nacos.common.remote.client   : [fddaac6e-c4f9-411e-ad52-a7c8b75a140d] Receive server push request, request = NotifySubscriberRequest, requestId = 30
17:06:48:966  INFO 2556 --- [nacos-grpc-client-executor-552] com.alibaba.nacos.common.remote.client   : [fddaac6e-c4f9-411e-ad52-a7c8b75a140d] Ack server push request, request = NotifySubscriberRequest, requestId = 30
17:06:51:197  INFO 2556 --- [nacos-grpc-client-executor-553] com.alibaba.nacos.common.remote.client   : [fddaac6e-c4f9-411e-ad52-a7c8b75a140d] Receive server push request, request = NotifySubscriberRequest, requestId = 32
17:06:51:207  INFO 2556 --- [nacos-grpc-client-executor-553] com.alibaba.nacos.common.remote.client   : [fddaac6e-c4f9-411e-ad52-a7c8b75a140d] Ack server push request, request = NotifySubscriberRequest, requestId = 32
